Determining if the pthread_create exist failed with the following output:
Change Dir: /home/GitHub/RobotVR/Build/CMakeFiles/CMakeTmp

Run Build Command(s):/usr/bin/make cmTC_99c1a/fast 
/usr/bin/make -f CMakeFiles/cmTC_99c1a.dir/build.make CMakeFiles/cmTC_99c1a.dir/build
make[1]: Entering directory '/home/GitHub/RobotVR/Build/CMakeFiles/CMakeTmp'
Building C object CMakeFiles/cmTC_99c1a.dir/CheckSymbolExists.c.o
/usr/bin/cc    -o CMakeFiles/cmTC_99c1a.dir/CheckSymbolExists.c.o   -c /home/GitHub/RobotVR/Build/CMakeFiles/CMakeTmp/CheckSymbolExists.c
Linking C executable cmTC_99c1a
/usr/bin/cmake -E cmake_link_script CMakeFiles/cmTC_99c1a.dir/link.txt --verbose=1
/usr/bin/cc      -rdynamic CMakeFiles/cmTC_99c1a.dir/CheckSymbolExists.c.o  -o cmTC_99c1a 
/usr/bin/ld: CMakeFiles/cmTC_99c1a.dir/CheckSymbolExists.c.o: na função "main":
CheckSymbolExists.c:(.text+0x1b): referência não definida para "pthread_create"
collect2: error: ld returned 1 exit status
make[1]: *** [CMakeFiles/cmTC_99c1a.dir/build.make:87: cmTC_99c1a] Error 1
make[1]: Leaving directory '/home/GitHub/RobotVR/Build/CMakeFiles/CMakeTmp'
make: *** [Makefile:121: cmTC_99c1a/fast] Error 2

File /home/GitHub/RobotVR/Build/CMakeFiles/CMakeTmp/CheckSymbolExists.c:
/* */
#include <pthread.h>

int main(int argc, char** argv)
{
  (void)argv;
#ifndef pthread_create
  return ((int*)(&pthread_create))[argc];
#else
  (void)argc;
  return 0;
#endif
}

Determining if the function pthread_create exists in the pthreads failed with the following output:
Change Dir: /home/GitHub/RobotVR/Build/CMakeFiles/CMakeTmp

Run Build Command(s):/usr/bin/make cmTC_2876f/fast 
/usr/bin/make -f CMakeFiles/cmTC_2876f.dir/build.make CMakeFiles/cmTC_2876f.dir/build
make[1]: Entering directory '/home/GitHub/RobotVR/Build/CMakeFiles/CMakeTmp'
Building C object CMakeFiles/cmTC_2876f.dir/CheckFunctionExists.c.o
/usr/bin/cc   -DCHECK_FUNCTION_EXISTS=pthread_create   -o CMakeFiles/cmTC_2876f.dir/CheckFunctionExists.c.o   -c /usr/share/cmake-3.14/Modules/CheckFunctionExists.c
Linking C executable cmTC_2876f
/usr/bin/cmake -E cmake_link_script CMakeFiles/cmTC_2876f.dir/link.txt --verbose=1
/usr/bin/cc  -DCHECK_FUNCTION_EXISTS=pthread_create    -rdynamic CMakeFiles/cmTC_2876f.dir/CheckFunctionExists.c.o  -o cmTC_2876f -lpthreads 
/usr/bin/ld: não foi possível localizar -lpthreads
collect2: error: ld returned 1 exit status
make[1]: *** [CMakeFiles/cmTC_2876f.dir/build.make:87: cmTC_2876f] Error 1
make[1]: Leaving directory '/home/GitHub/RobotVR/Build/CMakeFiles/CMakeTmp'
make: *** [Makefile:121: cmTC_2876f/fast] Error 2


